<?xml version="1.0" encoding="UTF-8"?>
<testng-results ignored="0" total="1" passed="1" failed="0" skipped="0">
  <reporter-output>
  </reporter-output>
  <suite started-at="2023-04-05T00:04:01 IST" name="Suite" finished-at="2023-04-05T00:04:05 IST" duration-ms="4171">
    <groups>
    </groups>
    <test started-at="2023-04-05T00:04:01 IST" name="Test" finished-at="2023-04-05T00:04:05 IST" duration-ms="4171">
      <class name="TestNG.InitializingWebDriver">
        <test-method signature="startBrowser()[pri:0, instance:TestNG.InitializingWebDriver@5ace1ed4]" started-at="2023-04-05T00:04:01 IST" name="startBrowser" finished-at="2023-04-05T00:04:05 IST" duration-ms="4071" status="PASS">
          <reporter-output>
          </reporter-output>
        </test-method> <!-- startBrowser -->
      </class> <!-- TestNG.InitializingWebDriver -->
    </test> <!-- Test -->
  </suite> <!-- Suite -->
</testng-results>
